<?xml version="1.0" encoding="UTF-8"?>
<!-- Generated by org.testng.reporters.JUnitReportReporter -->
<testsuite hostname="Maruthi" failures="0" tests="2" name="TestNg_Day2.AmazonTest" time="0.012" errors="0" timestamp="2025-08-20T17:21:19 IST" skipped="0">
  <testcase classname="TestNg_Day2.AmazonTest" name="testLogin" time="0.002"/>
  <testcase classname="TestNg_Day2.AmazonTest" name="testAddToCart" time="0.010"/>
</testsuite> <!-- TestNg_Day2.AmazonTest -->
