<?xml version="1.0" encoding="UTF-8"?>
<!-- Generated by org.testng.reporters.JUnitReportReporter -->
<testsuite hostname="Maruthi" failures="0" tests="1" name="TestNg_Day2.Demo_Xm" time="3.292" errors="0" timestamp="2025-08-20T11:42:33 IST" skipped="0">
  <testcase classname="TestNg_Day2.Demo_Xm" name="sampleTest" time="3.292"/>
</testsuite> <!-- TestNg_Day2.Demo_Xm -->
