<?xml version="1.0" encoding="UTF-8"?>
<!-- Generated by org.testng.reporters.JUnitReportReporter -->
<testsuite hostname="Maruthi" failures="0" tests="2" name="TestNg_Day3.RetriableDataProvider" time="0.013" errors="0" timestamp="2025-08-21T09:56:44 IST" skipped="0">
  <testcase classname="TestNg_Day3.RetriableDataProvider" name="sampleTestMethod" time="0.003"/>
  <testcase classname="TestNg_Day3.RetriableDataProvider" name="sampleTestMethod" time="0.010"/>
</testsuite> <!-- TestNg_Day3.RetriableDataProvider -->
