<?xml version="1.0" encoding="UTF-8"?>
<!-- Generated by org.testng.reporters.JUnitReportReporter -->
<testsuite hostname="Maruthi" failures="0" tests="2" name="TestNg_Day4.Visualizer" time="0.012" errors="0" timestamp="2025-08-22T15:20:52 IST" skipped="0">
  <testcase classname="TestNg_Day4.Visualizer" name="Method2" time="0.002"/>
  <testcase classname="TestNg_Day4.Visualizer" name="Method1" time="0.010"/>
</testsuite> <!-- TestNg_Day4.Visualizer -->
