<?xml version="1.0" encoding="UTF-8"?>
<!-- Generated by org.testng.reporters.JUnitReportReporter -->
<testsuite hostname="Maruthi" failures="0" tests="2" name="TestNg_Day4.suiteListerners" time="0.013" errors="0" timestamp="2025-08-22T13:06:56 IST" skipped="0">
  <testcase classname="TestNg_Day4.suiteListerners" name="test2" time="0.001"/>
  <testcase classname="TestNg_Day4.suiteListerners" name="test1" time="0.012"/>
</testsuite> <!-- TestNg_Day4.suiteListerners -->
