<?xml version="1.0" encoding="UTF-8"?>
<!-- Generated by org.testng.reporters.JUnitReportReporter -->
<testsuite hostname="Maruthi" failures="0" tests="1" name="TestNg_Day2.Chrome_xml" time="1.053" errors="0" timestamp="2025-08-20T11:44:04 IST" skipped="0">
  <testcase classname="TestNg_Day2.Chrome_xml" name="openGoogle" time="1.053"/>
</testsuite> <!-- TestNg_Day2.Chrome_xml -->
