<?xml version="1.0" encoding="UTF-8"?>
<!-- Generated by org.testng.reporters.JUnitReportReporter -->
<testsuite hostname="Maruthi" failures="0" tests="2" name="TestNg_Day4.ihookableListerner" time="0.018" errors="0" timestamp="2025-08-22T15:17:13 IST" skipped="0">
  <testcase classname="TestNg_Day4.ihookableListerner" name="test" time="0.015"/>
  <testcase classname="TestNg_Day4.ihookableListerner" name="test1" time="0.003"/>
</testsuite> <!-- TestNg_Day4.ihookableListerner -->
