<?xml version="1.0" encoding="UTF-8"?>
<!-- Generated by org.testng.reporters.JUnitReportReporter -->
<testsuite hostname="Maruthi" failures="0" tests="3" name="TestNg_Day3.DataProviderExample" time="0.010" errors="0" timestamp="2025-08-21T12:35:25 IST" skipped="0">
  <testcase classname="TestNg_Day3.DataProviderExample" name="verifydata" time="0.001"/>
  <testcase classname="TestNg_Day3.DataProviderExample" name="verifydata" time="0.008"/>
  <testcase classname="TestNg_Day3.DataProviderExample" name="verifydata" time="0.001"/>
</testsuite> <!-- TestNg_Day3.DataProviderExample -->
