<?xml version="1.0" encoding="UTF-8"?>
<!-- Generated by org.testng.reporters.JUnitReportReporter -->
<testsuite hostname="Maruthi" failures="0" tests="1" name="TestNg_Day4.TransformerTest" time="0.010" errors="0" timestamp="2025-08-22T12:11:16 IST" skipped="0">
  <testcase classname="TestNg_Day4.TransformerTest" name="testTransformer" time="0.010"/>
</testsuite> <!-- TestNg_Day4.TransformerTest -->
