<?xml version="1.0" encoding="UTF-8"?>
<!-- Generated by org.testng.reporters.JUnitReportReporter -->
<testsuite hostname="Maruthi" failures="0" tests="1" name="TestNg.testng" time="0.924" errors="0" timestamp="2025-08-23T11:18:56 IST" skipped="0">
  <testcase classname="TestNg.testng" name="testgoogleTitile" time="0.924"/>
</testsuite> <!-- TestNg.testng -->
