<?xml version="1.0" encoding="UTF-8"?>
<!-- Generated by org.testng.reporters.JUnitReportReporter -->
<testsuite hostname="Maruthi" failures="0" tests="3" name="TestNg_Day3.Factories" time="5.674" errors="0" timestamp="2025-08-21T16:06:48 IST" skipped="0">
  <testcase classname="TestNg_Day3.Factories" name="HealthSetup" time="3.479"/>
  <testcase classname="TestNg_Day3.Factories" name="HealthSetup" time="1.226"/>
  <testcase classname="TestNg_Day3.Factories" name="HealthSetup" time="0.969"/>
</testsuite> <!-- TestNg_Day3.Factories -->
