<?xml version="1.0" encoding="UTF-8"?>
<!-- Generated by org.testng.reporters.JUnitReportReporter -->
<testsuite hostname="Maruthi" failures="0" tests="1" name="TestNg.Instagarm_TestNg" time="34.894" errors="0" timestamp="2025-08-19T18:09:14 IST" skipped="0">
  <testcase classname="TestNg.Instagarm_TestNg" name="loginToInstagram" time="34.894"/>
</testsuite> <!-- TestNg.Instagarm_TestNg -->
