<?xml version="1.0" encoding="UTF-8"?>
<!-- Generated by org.testng.reporters.JUnitReportReporter -->
<testsuite hostname="Maruthi" failures="0" tests="3" name="TestNg_Day4.DataProviderTest" time="0.010" errors="0" timestamp="2025-08-22T12:36:15 IST" skipped="0">
  <testcase classname="TestNg_Day4.DataProviderTest" name="testnumber" time="0.001"/>
  <testcase classname="TestNg_Day4.DataProviderTest" name="testnumber" time="0.008"/>
  <testcase classname="TestNg_Day4.DataProviderTest" name="testnumber" time="0.001"/>
</testsuite> <!-- TestNg_Day4.DataProviderTest -->
