<?xml version="1.0" encoding="UTF-8"?>
<!-- Generated by org.testng.reporters.JUnitReportReporter -->
<testsuite hostname="Maruthi" failures="0" tests="1" name="TestNg_Day2.CommandLineDemo" time="0.016" errors="0" timestamp="2025-08-20T12:09:20 IST" skipped="0">
  <testcase classname="TestNg_Day2.CommandLineDemo" name="testApp" time="0.016"/>
</testsuite> <!-- TestNg_Day2.CommandLineDemo -->
