<?xml version="1.0" encoding="UTF-8"?>
<!-- Generated by org.testng.reporters.JUnitReportReporter -->
<testsuite hostname="Maruthi" failures="0" tests="2" name="TestNg_Day3.Parllel_Methods" time="0.027" errors="0" timestamp="2025-08-21T17:28:46 IST" skipped="0">
  <testcase classname="TestNg_Day3.Parllel_Methods" name="test2" time="0.002"/>
  <testcase classname="TestNg_Day3.Parllel_Methods" name="test1" time="0.025"/>
</testsuite> <!-- TestNg_Day3.Parllel_Methods -->
