<?xml version="1.0" encoding="UTF-8"?>
<!-- Generated by org.testng.reporters.JUnitReportReporter -->
<testsuite hostname="Maruthi" failures="0" tests="2" name="TestNg_Day3.Dependencies" time="12.099" errors="0" timestamp="2025-08-21T15:32:52 IST" skipped="0">
  <testcase classname="TestNg_Day3.Dependencies" name="login" time="8.429"/>
  <testcase classname="TestNg_Day3.Dependencies" name="healthsetup" time="3.670"/>
</testsuite> <!-- TestNg_Day3.Dependencies -->
