<?xml version="1.0" encoding="UTF-8"?>
<!-- Generated by org.testng.reporters.JUnitReportReporter -->
<testsuite hostname="Maruthi" failures="0" tests="2" name="TestNg_Day4.InvokedMethod" time="0.016" errors="0" timestamp="2025-08-22T15:47:27 IST" skipped="0">
  <testcase classname="TestNg_Day4.InvokedMethod" name="testMethod2" time="0.002"/>
  <testcase classname="TestNg_Day4.InvokedMethod" name="testMethod1" time="0.014"/>
</testsuite> <!-- TestNg_Day4.InvokedMethod -->
