<?xml version="1.0" encoding="UTF-8"?>
<!-- Generated by org.testng.reporters.JUnitReportReporter -->
<testsuite hostname="Maruthi" failures="0" tests="1" name="TestNg_Day4.ConfugurableTest" time="0.021" errors="0" timestamp="2025-08-23T11:06:15 IST" skipped="0">
  <testcase classname="TestNg_Day4.ConfugurableTest" name="test1" time="0.021"/>
</testsuite> <!-- TestNg_Day4.ConfugurableTest -->
