<?xml version="1.0" encoding="UTF-8"?>
<!-- Generated by org.testng.reporters.JUnitReportReporter -->
<testsuite hostname="Maruthi" failures="0" tests="1" name="TestNg_Day2.EcommerceTest" time="0.073" errors="0" timestamp="2025-08-21T09:41:45 IST" skipped="0">
  <testcase classname="TestNg_Day2.EcommerceTest" name="testLogin" time="0.073"/>
</testsuite> <!-- TestNg_Day2.EcommerceTest -->
